#
# There is insufficient memory for the Java Runtime Environment to continue.
# Native memory allocation (mmap) failed to map 467664896 bytes for G1 virtual space
# Possible reasons:
#   The system is out of physical RAM or swap space
#   The process is running with CompressedOops enabled, and the Java Heap may be blocking the growth of the native heap
# Possible solutions:
#   Reduce memory load on the system
#   Increase physical memory or swap space
#   Check if swap backing store is full
#   Decrease Java heap size (-Xmx/-Xms)
#   Decrease number of Java threads
#   Decrease Java thread stack sizes (-Xss)
#   Set larger code cache with -XX:ReservedCodeCacheSize=
#   JVM is running with Zero Based Compressed Oops mode in which the Java heap is
#     placed in the first 32GB address space. The Java Heap base address is the
#     maximum limit for the native heap growth. Please use -XX:HeapBaseMinAddress
#     to set the Java Heap base and to place the Java Heap above 32GB virtual address.
# This output file may be truncated or incomplete.
#
#  Out of Memory Error (os_windows.cpp:3769), pid=21736, tid=6148
#
# JRE version: OpenJDK Runtime Environment (17.0.6) (build 17.0.6+0-b2043.56-9586694)
# Java VM: OpenJDK 64-Bit Server VM (17.0.6+0-b2043.56-9586694, mixed mode, tiered, compressed oops, compressed class ptrs, g1 gc, windows-amd64)
# No core dump will be written. Minidumps are not enabled by default on client versions of Windows
#

---------------  S U M M A R Y ------------

Command Line: --add-opens=java.base/java.util=ALL-UNNAMED --add-opens=java.base/java.lang=ALL-UNNAMED --add-opens=java.base/java.lang.invoke=ALL-UNNAMED --add-opens=java.prefs/java.util.prefs=ALL-UNNAMED --add-opens=java.base/java.nio.charset=ALL-UNNAMED --add-opens=java.base/java.net=ALL-UNNAMED --add-opens=java.base/java.util.concurrent.atomic=ALL-UNNAMED -Xmx4012M -Dfile.encoding=windows-1252 -Duser.country=US -Duser.language=en -Duser.variant org.gradle.launcher.daemon.bootstrap.GradleDaemon 8.0

Host: AMD Ryzen 5 5600G with Radeon Graphics         , 12 cores, 15G,  Windows 10 , 64 bit Build 19041 (10.0.19041.3155)
Time: Tue Aug  8 06:03:15 2023 Bangladesh Standard Time elapsed time: 9.118111 seconds (0d 0h 0m 9s)

---------------  T H R E A D  ---------------

Current thread (0x0000018c36449bb0):  VMThread "VM Thread" [stack: 0x0000007a7ff00000,0x0000007a80000000] [id=6148]

Stack: [0x0000007a7ff00000,0x0000007a80000000]
Native frames: (J=compiled Java code, j=interpreted, Vv=VM code, C=native code)
V  [jvm.dll+0x683b4a]
V  [jvm.dll+0x842654]
V  [jvm.dll+0x843dfe]
V  [jvm.dll+0x844463]
V  [jvm.dll+0x249b75]
V  [jvm.dll+0x680a19]
V  [jvm.dll+0x674f0a]
V  [jvm.dll+0x309acb]
V  [jvm.dll+0x310f86]
V  [jvm.dll+0x3608ee]
V  [jvm.dll+0x360b1f]
V  [jvm.dll+0x2dfbf8]
V  [jvm.dll+0x2ddec4]
V  [jvm.dll+0x2dd4cc]
V  [jvm.dll+0x321f3b]
V  [jvm.dll+0x84893b]
V  [jvm.dll+0x849674]
V  [jvm.dll+0x849b8d]
V  [jvm.dll+0x849f64]
V  [jvm.dll+0x84a030]
V  [jvm.dll+0x7f25fa]
V  [jvm.dll+0x682985]
C  [ucrtbase.dll+0x21bb2]
C  [KERNEL32.DLL+0x17614]
C  [ntdll.dll+0x526b1]

VM_Operation (0x0000007a034fdf50): G1CollectForAllocation, mode: safepoint, requested by thread 0x0000018c3ab3f8d0


---------------  P R O C E S S  ---------------

Threads class SMR info:
_java_thread_list=0x0000018c37c3c870, length=48, elements={
0x0000018c16cfdca0, 0x0000018c36429cc0, 0x0000018c3642b1a0, 0x0000018c3648a8f0,
0x0000018c3648b2b0, 0x0000018c3648e320, 0x0000018c36490bf0, 0x0000018c36492030,
0x0000018c364aa170, 0x0000018c364ab420, 0x0000018c3661b290, 0x0000018c3661b970,
0x0000018c37ecf9d0, 0x0000018c377c50a0, 0x0000018c394d7300, 0x0000018c37cac370,
0x0000018c3895a680, 0x0000018c390b6fc0, 0x0000018c390bb750, 0x0000018c37d5cdc0,
0x0000018c36f8a250, 0x0000018c36f8c400, 0x0000018c36f8a720, 0x0000018c36f8c8d0,
0x0000018c36f88f10, 0x0000018c36f8abf0, 0x0000018c36f898b0, 0x0000018c36f8bf30,
0x0000018c3ab43c30, 0x0000018c3ab410e0, 0x0000018c3ab3fda0, 0x0000018c3ab3ea60,
0x0000018c3ab44f70, 0x0000018c3ab43290, 0x0000018c3ab3f8d0, 0x0000018c3ab44aa0,
0x0000018c3ab43760, 0x0000018c3ab45440, 0x0000018c3ab3dbf0, 0x0000018c3ab3ef30,
0x0000018c3ab3f400, 0x0000018c3ab445d0, 0x0000018c3ab42420, 0x0000018c3ab40740,
0x0000018c3ab415b0, 0x0000018c3ab3e0c0, 0x0000018c36a33670, 0x0000018c36a33b80
}

Java Threads: ( => current thread )
  0x0000018c16cfdca0 JavaThread "main" [_thread_blocked, id=12868, stack(0x0000007a7f900000,0x0000007a7fa00000)]
  0x0000018c36429cc0 JavaThread "Reference Handler" daemon [_thread_blocked, id=22180, stack(0x0000007a00000000,0x0000007a00100000)]
  0x0000018c3642b1a0 JavaThread "Finalizer" daemon [_thread_blocked, id=3404, stack(0x0000007a00100000,0x0000007a00200000)]
  0x0000018c3648a8f0 JavaThread "Signal Dispatcher" daemon [_thread_blocked, id=16912, stack(0x0000007a00200000,0x0000007a00300000)]
  0x0000018c3648b2b0 JavaThread "Attach Listener" daemon [_thread_blocked, id=5632, stack(0x0000007a00300000,0x0000007a00400000)]
  0x0000018c3648e320 JavaThread "Service Thread" daemon [_thread_blocked, id=10328, stack(0x0000007a00400000,0x0000007a00500000)]
  0x0000018c36490bf0 JavaThread "Monitor Deflation Thread" daemon [_thread_blocked, id=9304, stack(0x0000007a00500000,0x0000007a00600000)]
  0x0000018c36492030 JavaThread "C2 CompilerThread0" daemon [_thread_blocked, id=15332, stack(0x0000007a00600000,0x0000007a00700000)]
  0x0000018c364aa170 JavaThread "C1 CompilerThread0" daemon [_thread_blocked, id=5688, stack(0x0000007a00700000,0x0000007a00800000)]
  0x0000018c364ab420 JavaThread "Sweeper thread" daemon [_thread_blocked, id=23564, stack(0x0000007a00800000,0x0000007a00900000)]
  0x0000018c3661b290 JavaThread "Common-Cleaner" daemon [_thread_blocked, id=6272, stack(0x0000007a00900000,0x0000007a00a00000)]
  0x0000018c3661b970 JavaThread "Notification Thread" daemon [_thread_blocked, id=13236, stack(0x0000007a00a00000,0x0000007a00b00000)]
  0x0000018c37ecf9d0 JavaThread "Daemon health stats" [_thread_blocked, id=13436, stack(0x0000007a01200000,0x0000007a01300000)]
  0x0000018c377c50a0 JavaThread "Incoming local TCP Connector on port 54087" [_thread_in_native, id=20240, stack(0x0000007a00c00000,0x0000007a00d00000)]
  0x0000018c394d7300 JavaThread "Daemon periodic checks" [_thread_blocked, id=7208, stack(0x0000007a01100000,0x0000007a01200000)]
  0x0000018c37cac370 JavaThread "Daemon" [_thread_blocked, id=5048, stack(0x0000007a01400000,0x0000007a01500000)]
  0x0000018c3895a680 JavaThread "Handler for socket connection from /127.0.0.1:54087 to /127.0.0.1:54088" [_thread_in_native, id=19568, stack(0x0000007a01500000,0x0000007a01600000)]
  0x0000018c390b6fc0 JavaThread "Cancel handler" [_thread_blocked, id=4492, stack(0x0000007a01600000,0x0000007a01700000)]
  0x0000018c390bb750 JavaThread "Daemon worker" [_thread_blocked, id=13376, stack(0x0000007a01700000,0x0000007a01800000)]
  0x0000018c37d5cdc0 JavaThread "Asynchronous log dispatcher for DefaultDaemonConnection: socket connection from /127.0.0.1:54087 to /127.0.0.1:54088" [_thread_blocked, id=21984, stack(0x0000007a01800000,0x0000007a01900000)]
  0x0000018c36f8a250 JavaThread "Stdin handler" [_thread_blocked, id=9684, stack(0x0000007a01900000,0x0000007a01a00000)]
  0x0000018c36f8c400 JavaThread "Daemon client event forwarder" [_thread_blocked, id=12352, stack(0x0000007a01a00000,0x0000007a01b00000)]
  0x0000018c36f8a720 JavaThread "Cache worker for journal cache (F:\.gradle\caches\journal-1)" [_thread_blocked, id=20896, stack(0x0000007a02200000,0x0000007a02300000)]
  0x0000018c36f8c8d0 JavaThread "File lock request listener" [_thread_in_native, id=11748, stack(0x0000007a01300000,0x0000007a01400000)]
  0x0000018c36f88f10 JavaThread "Cache worker for file hash cache (F:\.gradle\caches\8.0\fileHashes)" [_thread_blocked, id=16488, stack(0x0000007a02300000,0x0000007a02400000)]
  0x0000018c36f8abf0 JavaThread "File lock release action executor" [_thread_blocked, id=22968, stack(0x0000007a02500000,0x0000007a02600000)]
  0x0000018c36f898b0 JavaThread "File watcher server" daemon [_thread_in_native, id=22192, stack(0x0000007a02b00000,0x0000007a02c00000)]
  0x0000018c36f8bf30 JavaThread "File watcher consumer" daemon [_thread_blocked, id=10572, stack(0x0000007a02c00000,0x0000007a02d00000)]
  0x0000018c3ab43c30 JavaThread "jar transforms" [_thread_blocked, id=296, stack(0x0000007a02e00000,0x0000007a02f00000)]
  0x0000018c3ab410e0 JavaThread "jar transforms Thread 2" [_thread_blocked, id=14892, stack(0x0000007a02f00000,0x0000007a03000000)]
  0x0000018c3ab3fda0 JavaThread "jar transforms Thread 3" [_thread_blocked, id=14872, stack(0x0000007a03000000,0x0000007a03100000)]
  0x0000018c3ab3ea60 JavaThread "jar transforms Thread 4" [_thread_blocked, id=23668, stack(0x0000007a03100000,0x0000007a03200000)]
  0x0000018c3ab44f70 JavaThread "jar transforms Thread 5" [_thread_blocked, id=24004, stack(0x0000007a03200000,0x0000007a03300000)]
  0x0000018c3ab43290 JavaThread "jar transforms Thread 6" [_thread_blocked, id=8912, stack(0x0000007a03300000,0x0000007a03400000)]
  0x0000018c3ab3f8d0 JavaThread "jar transforms Thread 7" [_thread_blocked, id=1728, stack(0x0000007a03400000,0x0000007a03500000)]
  0x0000018c3ab44aa0 JavaThread "jar transforms Thread 8" [_thread_blocked, id=9756, stack(0x0000007a03500000,0x0000007a03600000)]
  0x0000018c3ab43760 JavaThread "jar transforms Thread 9" [_thread_blocked, id=22772, stack(0x0000007a03600000,0x0000007a03700000)]
  0x0000018c3ab45440 JavaThread "jar transforms Thread 10" [_thread_blocked, id=7364, stack(0x0000007a03700000,0x0000007a03800000)]
  0x0000018c3ab3dbf0 JavaThread "jar transforms Thread 11" [_thread_blocked, id=21656, stack(0x0000007a03800000,0x0000007a03900000)]
  0x0000018c3ab3ef30 JavaThread "jar transforms Thread 12" [_thread_blocked, id=12496, stack(0x0000007a03900000,0x0000007a03a00000)]
  0x0000018c3ab3f400 JavaThread "Cache worker for checksums cache (F:\Code\onu.linphone-android\.gradle\8.0\checksums)" [_thread_blocked, id=24584, stack(0x0000007a02d00000,0x0000007a02e00000)]
  0x0000018c3ab445d0 JavaThread "Cache worker for cache directory md-rule (F:\.gradle\caches\8.0\md-rule)" [_thread_blocked, id=14924, stack(0x0000007a03a00000,0x0000007a03b00000)]
  0x0000018c3ab42420 JavaThread "Cache worker for file content cache (F:\.gradle\caches\8.0\fileContent)" [_thread_blocked, id=18292, stack(0x0000007a03b00000,0x0000007a03c00000)]
  0x0000018c3ab40740 JavaThread "Cache worker for file hash cache (F:\Code\onu.linphone-android\.gradle\8.0\fileHashes)" [_thread_blocked, id=6976, stack(0x0000007a03c00000,0x0000007a03d00000)]
  0x0000018c3ab415b0 JavaThread "Cache worker for cache directory md-supplier (F:\.gradle\caches\8.0\md-supplier)" [_thread_blocked, id=7572, stack(0x0000007a03d00000,0x0000007a03e00000)]
  0x0000018c3ab3e0c0 JavaThread "Cache worker for execution history cache (F:\.gradle\caches\8.0\executionHistory)" [_thread_blocked, id=23496, stack(0x0000007a03e00000,0x0000007a03f00000)]
  0x0000018c36a33670 JavaThread "C2 CompilerThread1" daemon [_thread_blocked, id=14388, stack(0x0000007a02400000,0x0000007a02500000)]
  0x0000018c36a33b80 JavaThread "C2 CompilerThread2" daemon [_thread_blocked, id=7392, stack(0x0000007a03f00000,0x0000007a04000000)]

Other Threads:
=>0x0000018c36449bb0 VMThread "VM Thread" [stack: 0x0000007a7ff00000,0x0000007a80000000] [id=6148]
  0x0000018c3661c250 WatcherThread [stack: 0x0000007a00b00000,0x0000007a00c00000] [id=18064]
  0x0000018c16d68170 GCTaskThread "GC Thread#0" [stack: 0x0000007a7fa00000,0x0000007a7fb00000] [id=1524]
  0x0000018c36edb430 GCTaskThread "GC Thread#1" [stack: 0x0000007a00d00000,0x0000007a00e00000] [id=3580]
  0x0000018c36865070 GCTaskThread "GC Thread#2" [stack: 0x0000007a00e00000,0x0000007a00f00000] [id=20636]
  0x0000018c36d35c10 GCTaskThread "GC Thread#3" [stack: 0x0000007a00f00000,0x0000007a01000000] [id=20556]
  0x0000018c36d35ec0 GCTaskThread "GC Thread#4" [stack: 0x0000007a01000000,0x0000007a01100000] [id=20700]
  0x0000018c37c3d430 GCTaskThread "GC Thread#5" [stack: 0x0000007a01b00000,0x0000007a01c00000] [id=4384]
  0x0000018c36a3a440 GCTaskThread "GC Thread#6" [stack: 0x0000007a01c00000,0x0000007a01d00000] [id=12048]
  0x0000018c36c99d00 GCTaskThread "GC Thread#7" [stack: 0x0000007a01d00000,0x0000007a01e00000] [id=20776]
  0x0000018c37b39090 GCTaskThread "GC Thread#8" [stack: 0x0000007a01e00000,0x0000007a01f00000] [id=24524]
  0x0000018c388925b0 GCTaskThread "GC Thread#9" [stack: 0x0000007a01f00000,0x0000007a02000000] [id=21868]
  0x0000018c16d78a80 ConcurrentGCThread "G1 Main Marker" [stack: 0x0000007a7fb00000,0x0000007a7fc00000] [id=23460]
  0x0000018c16d79b40 ConcurrentGCThread "G1 Conc#0" [stack: 0x0000007a7fc00000,0x0000007a7fd00000] [id=22724]
  0x0000018c37d11c80 ConcurrentGCThread "G1 Conc#1" [stack: 0x0000007a02000000,0x0000007a02100000] [id=14652]
  0x0000018c36aadf20 ConcurrentGCThread "G1 Conc#2" [stack: 0x0000007a02100000,0x0000007a02200000] [id=21440]
  0x0000018c16dcdd90 ConcurrentGCThread "G1 Refine#0" [stack: 0x0000007a7fd00000,0x0000007a7fe00000] [id=22364]
  0x0000018c37cee550 ConcurrentGCThread "G1 Refine#1" [stack: 0x0000007a02600000,0x0000007a02700000] [id=8576]
  0x0000018c3aad8c20 ConcurrentGCThread "G1 Refine#2" [stack: 0x0000007a02700000,0x0000007a02800000] [id=15460]
  0x0000018c39657560 ConcurrentGCThread "G1 Refine#3" [stack: 0x0000007a02800000,0x0000007a02900000] [id=20356]
  0x0000018c3976abb0 ConcurrentGCThread "G1 Refine#4" [stack: 0x0000007a02900000,0x0000007a02a00000] [id=15344]
  0x0000018c3968ce90 ConcurrentGCThread "G1 Refine#5" [stack: 0x0000007a02a00000,0x0000007a02b00000] [id=2692]
  0x0000018c16dce560 ConcurrentGCThread "G1 Service" [stack: 0x0000007a7fe00000,0x0000007a7ff00000] [id=24932]

Threads with active compile tasks:
C2 CompilerThread0     9133 5215   !   4       org.gradle.internal.classpath.InstrumentingClasspathFileTransformer::lambda$visitEntries$1 (180 bytes)
C2 CompilerThread1     9134 5237   !   4       org.gradle.api.internal.file.archive.impl.FileZipInput$FileZipEntry::withInputStream (28 bytes)
C2 CompilerThread2     9134 5234       4       org.gradle.internal.classpath.ClasspathBuilder$ZipEntryBuilder::put (54 bytes)

VM state: at safepoint (normal execution)

VM Mutex/Monitor currently owned by a thread:  ([mutex/lock_event])
[0x0000018c16cfa090] Threads_lock - owner thread: 0x0000018c36449bb0
[0x0000018c16cf95e0] Heap_lock - owner thread: 0x0000018c3ab3f8d0

Heap address: 0x0000000705400000, size: 4012 MB, Compressed Oops mode: Zero based, Oop shift amount: 3

CDS archive(s) not mapped
Compressed class space mapped at: 0x0000000800000000-0x0000000840000000, reserved size: 1073741824
Narrow klass base: 0x0000000800000000, Narrow klass shift: 0, Narrow klass range: 0x40000000

GC Precious Log:
 CPUs: 12 total, 12 available
 Memory: 15761M
 Large Page Support: Disabled
 NUMA Support: Disabled
 Compressed Oops: Enabled (Zero based)
 Heap Region Size: 2M
 Heap Min Capacity: 8M
 Heap Initial Capacity: 248M
 Heap Max Capacity: 4012M
 Pre-touch: Disabled
 Parallel Workers: 10
 Concurrent Workers: 3
 Concurrent Refinement Workers: 10
 Periodic GC: Disabled

Heap:
 garbage-first heap   total 313344K, used 90568K [0x0000000705400000, 0x0000000800000000)
  region size 2048K, 3 young (6144K), 3 survivors (6144K)
 Metaspace       used 47007K, committed 47424K, reserved 1097728K
  class space    used 6194K, committed 6400K, reserved 1048576K

Heap Regions: E=young(eden), S=young(survivor), O=old, HS=humongous(starts), HC=humongous(continues), CS=collection set, F=free, OA=open archive, CA=closed archive, TAMS=top-at-mark-start (previous, next)
|   0|0x0000000705400000, 0x0000000705600000, 0x0000000705600000|100%|HS|  |TAMS 0x0000000705600000, 0x0000000705600000| Complete 
|   1|0x0000000705600000, 0x0000000705800000, 0x0000000705800000|100%|HC|  |TAMS 0x0000000705800000, 0x0000000705800000| Complete 
|   2|0x0000000705800000, 0x0000000705a00000, 0x0000000705a00000|100%| O|  |TAMS 0x0000000705a00000, 0x0000000705a00000| Untracked 
|   3|0x0000000705a00000, 0x0000000705c00000, 0x0000000705c00000|100%|HS|  |TAMS 0x0000000705c00000, 0x0000000705c00000| Complete 
|   4|0x0000000705c00000, 0x0000000705e00000, 0x0000000705e00000|100%| O|  |TAMS 0x0000000705e00000, 0x0000000705e00000| Untracked 
|   5|0x0000000705e00000, 0x0000000706000000, 0x0000000706000000|100%| O|  |TAMS 0x0000000706000000, 0x0000000706000000| Untracked 
|   6|0x0000000706000000, 0x0000000706200000, 0x0000000706200000|100%| O|  |TAMS 0x0000000706200000, 0x0000000706200000| Untracked 
|   7|0x0000000706200000, 0x0000000706400000, 0x0000000706400000|100%| O|  |TAMS 0x0000000706400000, 0x0000000706400000| Untracked 
|   8|0x0000000706400000, 0x0000000706600000, 0x0000000706600000|100%| O|  |TAMS 0x0000000706600000, 0x0000000706600000| Untracked 
|   9|0x0000000706600000, 0x0000000706800000, 0x0000000706800000|100%| O|  |TAMS 0x0000000706800000, 0x0000000706800000| Untracked 
|  10|0x0000000706800000, 0x0000000706a00000, 0x0000000706a00000|100%| O|  |TAMS 0x0000000706a00000, 0x0000000706a00000| Untracked 
|  11|0x0000000706a00000, 0x0000000706c00000, 0x0000000706c00000|100%|HS|  |TAMS 0x0000000706c00000, 0x0000000706c00000| Complete 
|  12|0x0000000706c00000, 0x0000000706e00000, 0x0000000706e00000|100%|HC|  |TAMS 0x0000000706e00000, 0x0000000706e00000| Complete 
|  13|0x0000000706e00000, 0x0000000707000000, 0x0000000707000000|100%|HS|  |TAMS 0x0000000707000000, 0x0000000707000000| Complete 
|  14|0x0000000707000000, 0x0000000707200000, 0x0000000707200000|100%|HC|  |TAMS 0x0000000707200000, 0x0000000707200000| Complete 
|  15|0x0000000707200000, 0x0000000707400000, 0x0000000707400000|100%|HS|  |TAMS 0x0000000707400000, 0x0000000707400000| Complete 
|  16|0x0000000707400000, 0x0000000707600000, 0x0000000707600000|100%| O|  |TAMS 0x0000000707600000, 0x0000000707600000| Untracked 
|  17|0x0000000707600000, 0x0000000707800000, 0x0000000707800000|100%| O|  |TAMS 0x0000000707800000, 0x0000000707800000| Untracked 
|  18|0x0000000707800000, 0x0000000707a00000, 0x0000000707a00000|100%|HS|  |TAMS 0x0000000707a00000, 0x0000000707a00000| Complete 
|  19|0x0000000707a00000, 0x0000000707c00000, 0x0000000707c00000|100%|HC|  |TAMS 0x0000000707c00000, 0x0000000707c00000| Complete 
|  20|0x0000000707c00000, 0x0000000707e00000, 0x0000000707e00000|100%|HC|  |TAMS 0x0000000707e00000, 0x0000000707e00000| Complete 
|  21|0x0000000707e00000, 0x0000000708000000, 0x0000000708000000|100%|HC|  |TAMS 0x0000000708000000, 0x0000000708000000| Complete 
|  22|0x0000000708000000, 0x0000000708200000, 0x0000000708200000|100%|HC|  |TAMS 0x0000000708200000, 0x0000000708200000| Complete 
|  23|0x0000000708200000, 0x0000000708400000, 0x0000000708400000|100%|HS|  |TAMS 0x0000000708400000, 0x0000000708400000| Complete 
|  24|0x0000000708400000, 0x0000000708600000, 0x0000000708600000|100%|HS|  |TAMS 0x0000000708600000, 0x0000000708600000| Complete 
|  25|0x0000000708600000, 0x0000000708800000, 0x0000000708800000|100%|HC|  |TAMS 0x0000000708800000, 0x0000000708800000| Complete 
|  26|0x0000000708800000, 0x0000000708a00000, 0x0000000708a00000|100%|HC|  |TAMS 0x0000000708a00000, 0x0000000708a00000| Complete 
|  27|0x0000000708a00000, 0x0000000708c00000, 0x0000000708c00000|100%| O|  |TAMS 0x0000000708c00000, 0x0000000708c00000| Untracked 
|  28|0x0000000708c00000, 0x0000000708e00000, 0x0000000708e00000|100%| O|  |TAMS 0x0000000708e00000, 0x0000000708e00000| Untracked 
|  29|0x0000000708e00000, 0x0000000709000000, 0x0000000709000000|100%| O|  |TAMS 0x0000000709000000, 0x0000000709000000| Untracked 
|  30|0x0000000709000000, 0x0000000709200000, 0x0000000709200000|100%| O|  |TAMS 0x0000000709000000, 0x0000000709200000| Untracked 
|  31|0x0000000709200000, 0x0000000709200000, 0x0000000709400000|  0%| F|  |TAMS 0x0000000709200000, 0x0000000709200000| Untracked 
|  32|0x0000000709400000, 0x0000000709600000, 0x0000000709600000|100%|HS|  |TAMS 0x0000000709600000, 0x0000000709600000| Complete 
|  33|0x0000000709600000, 0x0000000709800000, 0x0000000709800000|100%|HC|  |TAMS 0x0000000709800000, 0x0000000709800000| Complete 
|  34|0x0000000709800000, 0x0000000709a00000, 0x0000000709a00000|100%|HC|  |TAMS 0x0000000709a00000, 0x0000000709a00000| Complete 
|  35|0x0000000709a00000, 0x0000000709bf8800, 0x0000000709c00000| 98%| O|  |TAMS 0x0000000709bf8800, 0x0000000709bf8800| Untracked 
|  36|0x0000000709c00000, 0x0000000709c00000, 0x0000000709e00000|  0%| F|  |TAMS 0x0000000709c00000, 0x0000000709c00000| Untracked 
|  37|0x0000000709e00000, 0x000000070a000000, 0x000000070a000000|100%| O|  |TAMS 0x0000000709e00000, 0x000000070a000000| Untracked 
|  38|0x000000070a000000, 0x000000070a200000, 0x000000070a200000|100%| O|  |TAMS 0x000000070a000000, 0x000000070a200000| Untracked 
|  39|0x000000070a200000, 0x000000070a400000, 0x000000070a400000|100%| O|  |TAMS 0x000000070a200000, 0x000000070a400000| Untracked 
|  40|0x000000070a400000, 0x000000070a600000, 0x000000070a600000|100%| O|  |TAMS 0x000000070a400000, 0x000000070a600000| Untracked 
|  41|0x000000070a600000, 0x000000070a800000, 0x000000070a800000|100%| O|  |TAMS 0x000000070a600000, 0x000000070a800000| Untracked 
|  42|0x000000070a800000, 0x000000070aa00000, 0x000000070aa00000|100%| O|  |TAMS 0x000000070a800000, 0x000000070aa00000| Untracked 
|  43|0x000000070aa00000, 0x000000070ac00000, 0x000000070ac00000|100%| O|  |TAMS 0x000000070aa00000, 0x000000070ac00000| Untracked 
|  44|0x000000070ac00000, 0x000000070ac44200, 0x000000070ae00000| 13%| O|  |TAMS 0x000000070ac00000, 0x000000070ac44200| Untracked 
|  45|0x000000070ae00000, 0x000000070ae00000, 0x000000070b000000|  0%| F|  |TAMS 0x000000070ae00000, 0x000000070ae00000| Untracked 
|  46|0x000000070b000000, 0x000000070b000000, 0x000000070b200000|  0%| F|  |TAMS 0x000000070b000000, 0x000000070b000000| Untracked 
|  47|0x000000070b200000, 0x000000070b200000, 0x000000070b400000|  0%| F|  |TAMS 0x000000070b200000, 0x000000070b200000| Untracked 
|  48|0x000000070b400000, 0x000000070b400000, 0x000000070b600000|  0%| F|  |TAMS 0x000000070b400000, 0x000000070b400000| Untracked 
|  49|0x000000070b600000, 0x000000070b600000, 0x000000070b800000|  0%| F|  |TAMS 0x000000070b600000, 0x000000070b600000| Untracked 
|  50|0x000000070b800000, 0x000000070b800000, 0x000000070ba00000|  0%| F|  |TAMS 0x000000070b800000, 0x000000070b800000| Untracked 
|  51|0x000000070ba00000, 0x000000070ba00000, 0x000000070bc00000|  0%| F|  |TAMS 0x000000070ba00000, 0x000000070ba00000| Untracked 
|  52|0x000000070bc00000, 0x000000070bc00000, 0x000000070be00000|  0%| F|  |TAMS 0x000000070bc00000, 0x000000070bc00000| Untracked 
|  53|0x000000070be00000, 0x000000070be00000, 0x000000070c000000|  0%| F|  |TAMS 0x000000070be00000, 0x000000070be00000| Untracked 
|  54|0x000000070c000000, 0x000000070c000000, 0x000000070c200000|  0%| F|  |TAMS 0x000000070c000000, 0x000000070c000000| Untracked 
|  55|0x000000070c200000, 0x000000070c200000, 0x000000070c400000|  0%| F|  |TAMS 0x000000070c200000, 0x000000070c200000| Untracked 
|  56|0x000000070c400000, 0x000000070c400000, 0x000000070c600000|  0%| F|  |TAMS 0x000000070c400000, 0x000000070c400000| Untracked 
|  57|0x000000070c600000, 0x000000070c600000, 0x000000070c800000|  0%| F|  |TAMS 0x000000070c600000, 0x000000070c600000| Untracked 
|  58|0x000000070c800000, 0x000000070c800000, 0x000000070ca00000|  0%| F|  |TAMS 0x000000070c800000, 0x000000070c800000| Untracked 
|  59|0x000000070ca00000, 0x000000070ca00000, 0x000000070cc00000|  0%| F|  |TAMS 0x000000070ca00000, 0x000000070ca00000| Untracked 
|  60|0x000000070cc00000, 0x000000070cc35900, 0x000000070ce00000| 10%| S|CS|TAMS 0x000000070cc00000, 0x000000070cc00000| Complete 
|  61|0x000000070ce00000, 0x000000070d000000, 0x000000070d000000|100%| S|CS|TAMS 0x000000070ce00000, 0x000000070ce00000| Complete 
|  62|0x000000070d000000, 0x000000070d200000, 0x000000070d200000|100%| S|CS|TAMS 0x000000070d000000, 0x000000070d000000| Complete 
|  63|0x000000070d200000, 0x000000070d200000, 0x000000070d400000|  0%| F|  |TAMS 0x000000070d200000, 0x000000070d200000| Untracked 
|  64|0x000000070d400000, 0x000000070d400000, 0x000000070d600000|  0%| F|  |TAMS 0x000000070d400000, 0x000000070d400000| Untracked 
|  65|0x000000070d600000, 0x000000070d600000, 0x000000070d800000|  0%| F|  |TAMS 0x000000070d600000, 0x000000070d600000| Untracked 
|  66|0x000000070d800000, 0x000000070d800000, 0x000000070da00000|  0%| F|  |TAMS 0x000000070d800000, 0x000000070d800000| Untracked 
|  67|0x000000070da00000, 0x000000070da00000, 0x000000070dc00000|  0%| F|  |TAMS 0x000000070da00000, 0x000000070da00000| Untracked 
|  68|0x000000070dc00000, 0x000000070dc00000, 0x000000070de00000|  0%| F|  |TAMS 0x000000070dc00000, 0x000000070dc00000| Untracked 
|  69|0x000000070de00000, 0x000000070de00000, 0x000000070e000000|  0%| F|  |TAMS 0x000000070de00000, 0x000000070de00000| Untracked 
|  70|0x000000070e000000, 0x000000070e000000, 0x000000070e200000|  0%| F|  |TAMS 0x000000070e000000, 0x000000070e000000| Untracked 
|  71|0x000000070e200000, 0x000000070e200000, 0x000000070e400000|  0%| F|  |TAMS 0x000000070e200000, 0x000000070e200000| Untracked 
|  72|0x000000070e400000, 0x000000070e400000, 0x000000070e600000|  0%| F|  |TAMS 0x000000070e400000, 0x000000070e400000| Untracked 
|  73|0x000000070e600000, 0x000000070e600000, 0x000000070e800000|  0%| F|  |TAMS 0x000000070e600000, 0x000000070e600000| Untracked 
|  74|0x000000070e800000, 0x000000070e800000, 0x000000070ea00000|  0%| F|  |TAMS 0x000000070e800000, 0x000000070e800000| Untracked 
|  75|0x000000070ea00000, 0x000000070ea00000, 0x000000070ec00000|  0%| F|  |TAMS 0x000000070ea00000, 0x000000070ea00000| Untracked 
|  76|0x000000070ec00000, 0x000000070ec00000, 0x000000070ee00000|  0%| F|  |TAMS 0x000000070ec00000, 0x000000070ec00000| Untracked 
|  77|0x000000070ee00000, 0x000000070ee00000, 0x000000070f000000|  0%| F|  |TAMS 0x000000070ee00000, 0x000000070ee00000| Untracked 
|  78|0x000000070f000000, 0x000000070f000000, 0x000000070f200000|  0%| F|  |TAMS 0x000000070f000000, 0x000000070f000000| Untracked 
|  79|0x000000070f200000, 0x000000070f200000, 0x000000070f400000|  0%| F|  |TAMS 0x000000070f200000, 0x000000070f200000| Untracked 
|  80|0x000000070f400000, 0x000000070f400000, 0x000000070f600000|  0%| F|  |TAMS 0x000000070f400000, 0x000000070f400000| Untracked 
|  81|0x000000070f600000, 0x000000070f600000, 0x000000070f800000|  0%| F|  |TAMS 0x000000070f600000, 0x000000070f600000| Untracked 
|  82|0x000000070f800000, 0x000000070f800000, 0x000000070fa00000|  0%| F|  |TAMS 0x000000070f800000, 0x000000070f800000| Untracked 
|  83|0x000000070fa00000, 0x000000070fa00000, 0x000000070fc00000|  0%| F|  |TAMS 0x000000070fa00000, 0x000000070fa00000| Untracked 
|  84|0x000000070fc00000, 0x000000070fc00000, 0x000000070fe00000|  0%| F|  |TAMS 0x000000070fc00000, 0x000000070fc00000| Untracked 
|  85|0x000000070fe00000, 0x000000070fe00000, 0x0000000710000000|  0%| F|  |TAMS 0x000000070fe00000, 0x000000070fe00000| Untracked 
|  86|0x0000000710000000, 0x0000000710000000, 0x0000000710200000|  0%| F|  |TAMS 0x0000000710000000, 0x0000000710000000| Untracked 
|  87|0x0000000710200000, 0x0000000710200000, 0x0000000710400000|  0%| F|  |TAMS 0x0000000710200000, 0x0000000710200000| Untracked 
|  88|0x0000000710400000, 0x0000000710400000, 0x0000000710600000|  0%| F|  |TAMS 0x0000000710400000, 0x0000000710400000| Untracked 
|  89|0x0000000710600000, 0x0000000710600000, 0x0000000710800000|  0%| F|  |TAMS 0x0000000710600000, 0x0000000710600000| Untracked 
|  90|0x0000000710800000, 0x0000000710800000, 0x0000000710a00000|  0%| F|  |TAMS 0x0000000710800000, 0x0000000710800000| Untracked 
|  91|0x0000000710a00000, 0x0000000710a00000, 0x0000000710c00000|  0%| F|  |TAMS 0x0000000710a00000, 0x0000000710a00000| Untracked 
|  92|0x0000000710c00000, 0x0000000710c00000, 0x0000000710e00000|  0%| F|  |TAMS 0x0000000710c00000, 0x0000000710c00000| Untracked 
|  93|0x0000000710e00000, 0x0000000710e00000, 0x0000000711000000|  0%| F|  |TAMS 0x0000000710e00000, 0x0000000710e00000| Untracked 
|  94|0x0000000711000000, 0x0000000711000000, 0x0000000711200000|  0%| F|  |TAMS 0x0000000711000000, 0x0000000711000000| Untracked 
|  95|0x0000000711200000, 0x0000000711200000, 0x0000000711400000|  0%| F|  |TAMS 0x0000000711200000, 0x0000000711200000| Untracked 
|  96|0x0000000711400000, 0x0000000711400000, 0x0000000711600000|  0%| F|  |TAMS 0x0000000711400000, 0x0000000711400000| Untracked 
|  97|0x0000000711600000, 0x0000000711600000, 0x0000000711800000|  0%| F|  |TAMS 0x0000000711600000, 0x0000000711600000| Untracked 
|  98|0x0000000711800000, 0x0000000711800000, 0x0000000711a00000|  0%| F|  |TAMS 0x0000000711800000, 0x0000000711800000| Untracked 
|  99|0x0000000711a00000, 0x0000000711a00000, 0x0000000711c00000|  0%| F|  |TAMS 0x0000000711a00000, 0x0000000711a00000| Untracked 
| 100|0x0000000711c00000, 0x0000000711c00000, 0x0000000711e00000|  0%| F|  |TAMS 0x0000000711c00000, 0x0000000711c00000| Untracked 
| 101|0x0000000711e00000, 0x0000000711e00000, 0x0000000712000000|  0%| F|  |TAMS 0x0000000711e00000, 0x0000000711e00000| Untracked 
| 102|0x0000000712000000, 0x0000000712000000, 0x0000000712200000|  0%| F|  |TAMS 0x0000000712000000, 0x0000000712000000| Untracked 
| 103|0x0000000712200000, 0x0000000712200000, 0x0000000712400000|  0%| F|  |TAMS 0x0000000712200000, 0x0000000712200000| Untracked 
| 104|0x0000000712400000, 0x0000000712400000, 0x0000000712600000|  0%| F|  |TAMS 0x0000000712400000, 0x0000000712400000| Untracked 
| 105|0x0000000712600000, 0x0000000712600000, 0x0000000712800000|  0%| F|  |TAMS 0x0000000712600000, 0x0000000712600000| Untracked 
| 106|0x0000000712800000, 0x0000000712800000, 0x0000000712a00000|  0%| F|  |TAMS 0x0000000712800000, 0x0000000712800000| Untracked 
| 107|0x0000000712a00000, 0x0000000712a00000, 0x0000000712c00000|  0%| F|  |TAMS 0x0000000712a00000, 0x0000000712a00000| Untracked 
| 108|0x0000000712c00000, 0x0000000712c00000, 0x0000000712e00000|  0%| F|  |TAMS 0x0000000712c00000, 0x0000000712c00000| Untracked 
| 109|0x0000000712e00000, 0x0000000712e00000, 0x0000000713000000|  0%| F|  |TAMS 0x0000000712e00000, 0x0000000712e00000| Untracked 
| 110|0x0000000713000000, 0x0000000713000000, 0x0000000713200000|  0%| F|  |TAMS 0x0000000713000000, 0x0000000713000000| Untracked 
| 111|0x0000000713200000, 0x0000000713200000, 0x0000000713400000|  0%| F|  |TAMS 0x0000000713200000, 0x0000000713200000| Untracked 
| 112|0x0000000713400000, 0x0000000713400000, 0x0000000713600000|  0%| F|  |TAMS 0x0000000713400000, 0x0000000713400000| Untracked 
| 113|0x0000000713600000, 0x0000000713600000, 0x0000000713800000|  0%| F|  |TAMS 0x0000000713600000, 0x0000000713600000| Untracked 
| 114|0x0000000713800000, 0x0000000713800000, 0x0000000713a00000|  0%| F|  |TAMS 0x0000000713800000, 0x0000000713800000| Untracked 
| 115|0x0000000713a00000, 0x0000000713a00000, 0x0000000713c00000|  0%| F|  |TAMS 0x0000000713a00000, 0x0000000713a00000| Untracked 
| 116|0x0000000713c00000, 0x0000000713c00000, 0x0000000713e00000|  0%| F|  |TAMS 0x0000000713c00000, 0x0000000713c00000| Untracked 
| 117|0x0000000713e00000, 0x0000000713e00000, 0x0000000714000000|  0%| F|  |TAMS 0x0000000713e00000, 0x0000000713e00000| Untracked 
| 118|0x0000000714000000, 0x0000000714000000, 0x0000000714200000|  0%| F|  |TAMS 0x0000000714000000, 0x0000000714000000| Untracked 
| 119|0x0000000714200000, 0x0000000714200000, 0x0000000714400000|  0%| F|  |TAMS 0x0000000714200000, 0x0000000714200000| Untracked 
| 120|0x0000000714400000, 0x0000000714400000, 0x0000000714600000|  0%| F|  |TAMS 0x0000000714400000, 0x0000000714400000| Untracked 
| 121|0x0000000714600000, 0x0000000714600000, 0x0000000714800000|  0%| F|  |TAMS 0x0000000714600000, 0x0000000714600000| Untracked 
| 122|0x0000000714800000, 0x0000000714800000, 0x0000000714a00000|  0%| F|  |TAMS 0x0000000714800000, 0x0000000714800000| Untracked 
| 123|0x0000000714a00000, 0x0000000714a00000, 0x0000000714c00000|  0%| F|  |TAMS 0x0000000714a00000, 0x0000000714a00000| Untracked 
| 124|0x0000000714c00000, 0x0000000714c00000, 0x0000000714e00000|  0%| F|  |TAMS 0x0000000714c00000, 0x0000000714c00000| Untracked 
| 125|0x0000000714e00000, 0x0000000714e00000, 0x0000000715000000|  0%| F|  |TAMS 0x0000000714e00000, 0x0000000714e00000| Untracked 
| 126|0x0000000715000000, 0x0000000715000000, 0x0000000715200000|  0%| F|  |TAMS 0x0000000715000000, 0x0000000715000000| Untracked 
| 127|0x0000000715200000, 0x0000000715200000, 0x0000000715400000|  0%| F|  |TAMS 0x0000000715200000, 0x0000000715200000| Untracked 
| 128|0x0000000715400000, 0x0000000715400000, 0x0000000715600000|  0%| F|  |TAMS 0x0000000715400000, 0x0000000715400000| Untracked 
| 129|0x0000000715600000, 0x0000000715600000, 0x0000000715800000|  0%| F|  |TAMS 0x0000000715600000, 0x0000000715600000| Untracked 
| 130|0x0000000715800000, 0x0000000715800000, 0x0000000715a00000|  0%| F|  |TAMS 0x0000000715800000, 0x0000000715800000| Untracked 
| 131|0x0000000715a00000, 0x0000000715a00000, 0x0000000715c00000|  0%| F|  |TAMS 0x0000000715a00000, 0x0000000715a00000| Untracked 
| 132|0x0000000715c00000, 0x0000000715c00000, 0x0000000715e00000|  0%| F|  |TAMS 0x0000000715c00000, 0x0000000715c00000| Untracked 
| 133|0x0000000715e00000, 0x0000000715e00000, 0x0000000716000000|  0%| F|  |TAMS 0x0000000715e00000, 0x0000000715e00000| Untracked 
| 134|0x0000000716000000, 0x0000000716000000, 0x0000000716200000|  0%| F|  |TAMS 0x0000000716000000, 0x0000000716000000| Untracked 
| 135|0x0000000716200000, 0x0000000716200000, 0x0000000716400000|  0%| F|  |TAMS 0x0000000716200000, 0x0000000716200000| Untracked 
| 136|0x0000000716400000, 0x0000000716400000, 0x0000000716600000|  0%| F|  |TAMS 0x0000000716400000, 0x0000000716400000| Untracked 
| 137|0x0000000716600000, 0x0000000716600000, 0x0000000716800000|  0%| F|  |TAMS 0x0000000716600000, 0x0000000716600000| Untracked 
| 138|0x0000000716800000, 0x0000000716800000, 0x0000000716a00000|  0%| F|  |TAMS 0x0000000716800000, 0x0000000716800000| Untracked 
| 139|0x0000000716a00000, 0x0000000716a00000, 0x0000000716c00000|  0%| F|  |TAMS 0x0000000716a00000, 0x0000000716a00000| Untracked 
| 140|0x0000000716c00000, 0x0000000716c00000, 0x0000000716e00000|  0%| F|  |TAMS 0x0000000716c00000, 0x0000000716c00000| Untracked 
| 141|0x0000000716e00000, 0x0000000716e00000, 0x0000000717000000|  0%| F|  |TAMS 0x0000000716e00000, 0x0000000716e00000| Untracked 
| 142|0x0000000717000000, 0x0000000717000000, 0x0000000717200000|  0%| F|  |TAMS 0x0000000717000000, 0x0000000717000000| Untracked 
| 143|0x0000000717200000, 0x0000000717200000, 0x0000000717400000|  0%| F|  |TAMS 0x0000000717200000, 0x0000000717200000| Untracked 
| 144|0x0000000717400000, 0x0000000717400000, 0x0000000717600000|  0%| F|  |TAMS 0x0000000717400000, 0x0000000717400000| Untracked 
| 145|0x0000000717600000, 0x0000000717600000, 0x0000000717800000|  0%| F|  |TAMS 0x0000000717600000, 0x0000000717600000| Untracked 
| 146|0x0000000717800000, 0x0000000717800000, 0x0000000717a00000|  0%| F|  |TAMS 0x0000000717800000, 0x0000000717800000| Untracked 
| 147|0x0000000717a00000, 0x0000000717a00000, 0x0000000717c00000|  0%| F|  |TAMS 0x0000000717a00000, 0x0000000717a00000| Untracked 
| 148|0x0000000717c00000, 0x0000000717c00000, 0x0000000717e00000|  0%| F|  |TAMS 0x0000000717c00000, 0x0000000717c00000| Untracked 
| 149|0x0000000717e00000, 0x0000000717e00000, 0x0000000718000000|  0%| F|  |TAMS 0x0000000717e00000, 0x0000000717e00000| Untracked 
| 150|0x0000000718000000, 0x0000000718000000, 0x0000000718200000|  0%| F|  |TAMS 0x0000000718000000, 0x0000000718000000| Untracked 
| 151|0x0000000718200000, 0x0000000718200000, 0x0000000718400000|  0%| F|  |TAMS 0x0000000718200000, 0x0000000718200000| Untracked 
| 152|0x0000000718400000, 0x0000000718400000, 0x0000000718600000|  0%| F|  |TAMS 0x0000000718400000, 0x0000000718400000| Untracked 

Card table byte_map: [0x0000018c29f10000,0x0000018c2a6f0000] _byte_map_base: 0x0000018c266e6000

Marking Bits (Prev, Next): (CMBitMap*) 0x0000018c16d686d0, (CMBitMap*) 0x0000018c16d68690
 Prev Bits: [0x0000018c2ed80000, 0x0000018c32c30000)
 Next Bits: [0x0000018c2aed0000, 0x0000018c2ed80000)

Polling page: 0x0000018c14c70000

Metaspace:

Usage:
  Non-class:     39.86 MB used.
      Class:      6.05 MB used.
       Both:     45.91 MB used.

Virtual space:
  Non-class space:       48.00 MB reserved,      40.06 MB ( 83%) committed,  6 nodes.
      Class space:        1.00 GB reserved,       6.25 MB ( <1%) committed,  1 nodes.
             Both:        1.05 GB reserved,      46.31 MB (  4%) committed. 

Chunk freelists:
   Non-Class:  3.89 MB
       Class:  1.61 MB
        Both:  5.50 MB

MaxMetaspaceSize: unlimited
CompressedClassSpaceSize: 1.00 GB
Initial GC threshold: 21.00 MB
Current GC threshold: 77.19 MB
CDS: off
MetaspaceReclaimPolicy: balanced
 - commit_granule_bytes: 65536.
 - commit_granule_words: 8192.
 - virtual_space_node_default_size: 1048576.
 - enlarge_chunks_in_place: 1.
 - new_chunks_are_fully_committed: 0.
 - uncommit_free_chunks: 1.
 - use_allocation_guard: 0.
 - handle_deallocations: 1.


Internal statistics:

num_allocs_failed_limit: 3.
num_arena_births: 422.
num_arena_deaths: 0.
num_vsnodes_births: 7.
num_vsnodes_deaths: 0.
num_space_committed: 741.
num_space_uncommitted: 0.
num_chunks_returned_to_freelist: 3.
num_chunks_taken_from_freelist: 1846.
num_chunk_merges: 3.
num_chunk_splits: 1205.
num_chunks_enlarged: 826.
num_purges: 0.
num_inconsistent_stats: 0.

CodeHeap 'non-profiled nmethods': size=120000Kb used=3849Kb max_used=3849Kb free=116151Kb
 bounds [0x0000018c21ca0000, 0x0000018c22070000, 0x0000018c291d0000]
CodeHeap 'profiled nmethods': size=120000Kb used=8707Kb max_used=10139Kb free=111292Kb
 bounds [0x0000018c1a1d0000, 0x0000018c1abd0000, 0x0000018c21700000]
CodeHeap 'non-nmethods': size=5760Kb used=2295Kb max_used=2387Kb free=3464Kb
 bounds [0x0000018c21700000, 0x0000018c21970000, 0x0000018c21ca0000]
 total_blobs=5267 nmethods=4462 adapters=717
 compilation: enabled
              stopped_count=0, restarted_count=0
 full_count=0

Compilation events (20 events):
Event: 8.945 Thread 0x0000018c36a33670 nmethod 5227 0x0000018c2204dd10 code [0x0000018c2204df80, 0x0000018c2204f6e0]
Event: 8.945 Thread 0x0000018c36a33670 5228       4       java.nio.charset.Charset::lookup (44 bytes)
Event: 8.946 Thread 0x0000018c36a33670 nmethod 5228 0x0000018c22050590 code [0x0000018c22050720, 0x0000018c220509e8]
Event: 8.946 Thread 0x0000018c36a33670 5229   !   4       org.apache.commons.compress.archivers.zip.ZipEncodingHelper::getZipEncoding (35 bytes)
Event: 8.953 Thread 0x0000018c36a33670 nmethod 5229 0x0000018c22050c10 code [0x0000018c22050e00, 0x0000018c22051968]
Event: 8.953 Thread 0x0000018c36a33670 5226       4       org.apache.commons.compress.archivers.zip.ZipArchiveEntry::<init> (67 bytes)
Event: 8.957 Thread 0x0000018c36a33670 nmethod 5226 0x0000018c22052210 code [0x0000018c220523c0, 0x0000018c22052b48]
Event: 8.974 Thread 0x0000018c36a33670 5230       4       org.objectweb.asm.ClassVisitor::visitAnnotation (19 bytes)
Event: 8.997 Thread 0x0000018c36a33670 nmethod 5230 0x0000018c22052d90 code [0x0000018c22053060, 0x0000018c220555f8]
Event: 9.007 Thread 0x0000018c36a33670 5231       4       java.util.ArrayList::toArray (12 bytes)
Event: 9.008 Thread 0x0000018c36a33670 nmethod 5231 0x0000018c22056190 code [0x0000018c22056320, 0x0000018c220565f8]
Event: 9.009 Thread 0x0000018c36a33670 5232       4       org.objectweb.asm.MethodVisitor::visitParameter (36 bytes)
Event: 9.013 Thread 0x0000018c36a33670 nmethod 5232 0x0000018c22056710 code [0x0000018c220568e0, 0x0000018c22056f48]
Event: 9.013 Thread 0x0000018c36a33670 5233       4       org.gradle.internal.classpath.InstrumentingTransformer::apply (25 bytes)
Event: 9.017 Thread 0x0000018c36a33670 nmethod 5233 0x0000018c22057390 code [0x0000018c22057560, 0x0000018c22057d08]
Event: 9.025 Thread 0x0000018c36a33b80 nmethod 5214 0x0000018c22058190 code [0x0000018c220585e0, 0x0000018c2205f600]
Event: 9.028 Thread 0x0000018c36a33b80 5234       4       org.gradle.internal.classpath.ClasspathBuilder$ZipEntryBuilder::put (54 bytes)
Event: 9.029 Thread 0x0000018c36a33670 5235       4       org.gradle.internal.classpath.ClasspathBuilder$ZipEntryBuilder::configureCompression (44 bytes)
Event: 9.032 Thread 0x0000018c36a33670 nmethod 5235 0x0000018c22061890 code [0x0000018c22061a60, 0x0000018c22061e68]
Event: 9.032 Thread 0x0000018c36a33670 5237   !   4       org.gradle.api.internal.file.archive.impl.FileZipInput$FileZipEntry::withInputStream (28 bytes)

GC Heap History (20 events):
Event: 7.234 GC heap after
{Heap after GC invocations=30 (full 0):
 garbage-first heap   total 165888K, used 75062K [0x0000000705400000, 0x0000000800000000)
  region size 2048K, 1 young (2048K), 1 survivors (2048K)
 Metaspace       used 46980K, committed 47424K, reserved 1097728K
  class space    used 6193K, committed 6400K, reserved 1048576K
}
Event: 7.305 GC heap before
{Heap before GC invocations=30 (full 0):
 garbage-first heap   total 165888K, used 138550K [0x0000000705400000, 0x0000000800000000)
  region size 2048K, 32 young (65536K), 1 survivors (2048K)
 Metaspace       used 46983K, committed 47424K, reserved 1097728K
  class space    used 6193K, committed 6400K, reserved 1048576K
}
Event: 7.307 GC heap after
{Heap after GC invocations=31 (full 0):
 garbage-first heap   total 313344K, used 75561K [0x0000000705400000, 0x0000000800000000)
  region size 2048K, 1 young (2048K), 1 survivors (2048K)
 Metaspace       used 46983K, committed 47424K, reserved 1097728K
  class space    used 6193K, committed 6400K, reserved 1048576K
}
Event: 7.588 GC heap before
{Heap before GC invocations=31 (full 0):
 garbage-first heap   total 313344K, used 259881K [0x0000000705400000, 0x0000000800000000)
  region size 2048K, 91 young (186368K), 1 survivors (2048K)
 Metaspace       used 46984K, committed 47424K, reserved 1097728K
  class space    used 6193K, committed 6400K, reserved 1048576K
}
Event: 7.589 GC heap after
{Heap after GC invocations=32 (full 0):
 garbage-first heap   total 313344K, used 77129K [0x0000000705400000, 0x0000000800000000)
  region size 2048K, 2 young (4096K), 2 survivors (4096K)
 Metaspace       used 46984K, committed 47424K, reserved 1097728K
  class space    used 6193K, committed 6400K, reserved 1048576K
}
Event: 7.813 GC heap before
{Heap before GC invocations=32 (full 0):
 garbage-first heap   total 313344K, used 259401K [0x0000000705400000, 0x0000000800000000)
  region size 2048K, 91 young (186368K), 2 survivors (4096K)
 Metaspace       used 46989K, committed 47424K, reserved 1097728K
  class space    used 6193K, committed 6400K, reserved 1048576K
}
Event: 7.816 GC heap after
{Heap after GC invocations=33 (full 0):
 garbage-first heap   total 313344K, used 81811K [0x0000000705400000, 0x0000000800000000)
  region size 2048K, 4 young (8192K), 4 survivors (8192K)
 Metaspace       used 46989K, committed 47424K, reserved 1097728K
  class space    used 6193K, committed 6400K, reserved 1048576K
}
Event: 8.043 GC heap before
{Heap before GC invocations=34 (full 0):
 garbage-first heap   total 307200K, used 257939K [0x0000000705400000, 0x0000000800000000)
  region size 2048K, 91 young (186368K), 4 survivors (8192K)
 Metaspace       used 46996K, committed 47424K, reserved 1097728K
  class space    used 6193K, committed 6400K, reserved 1048576K
}
Event: 8.049 GC heap after
{Heap after GC invocations=35 (full 0):
 garbage-first heap   total 307200K, used 89061K [0x0000000705400000, 0x0000000800000000)
  region size 2048K, 8 young (16384K), 8 survivors (16384K)
 Metaspace       used 46996K, committed 47424K, reserved 1097728K
  class space    used 6193K, committed 6400K, reserved 1048576K
}
Event: 8.052 GC heap before
{Heap before GC invocations=35 (full 0):
 garbage-first heap   total 307200K, used 91109K [0x0000000705400000, 0x0000000800000000)
  region size 2048K, 9 young (18432K), 8 survivors (16384K)
 Metaspace       used 46996K, committed 47424K, reserved 1097728K
  class space    used 6193K, committed 6400K, reserved 1048576K
}
Event: 8.058 GC heap after
{Heap after GC invocations=36 (full 0):
 garbage-first heap   total 307200K, used 90326K [0x0000000705400000, 0x0000000800000000)
  region size 2048K, 1 young (2048K), 1 survivors (2048K)
 Metaspace       used 46996K, committed 47424K, reserved 1097728K
  class space    used 6193K, committed 6400K, reserved 1048576K
}
Event: 8.237 GC heap before
{Heap before GC invocations=36 (full 0):
 garbage-first heap   total 307200K, used 258262K [0x0000000705400000, 0x0000000800000000)
  region size 2048K, 83 young (169984K), 1 survivors (2048K)
 Metaspace       used 46996K, committed 47424K, reserved 1097728K
  class space    used 6193K, committed 6400K, reserved 1048576K
}
Event: 8.238 GC heap after
{Heap after GC invocations=37 (full 0):
 garbage-first heap   total 307200K, used 90196K [0x0000000705400000, 0x0000000800000000)
  region size 2048K, 1 young (2048K), 1 survivors (2048K)
 Metaspace       used 46996K, committed 47424K, reserved 1097728K
  class space    used 6193K, committed 6400K, reserved 1048576K
}
Event: 8.449 GC heap before
{Heap before GC invocations=37 (full 0):
 garbage-first heap   total 307200K, used 262228K [0x0000000705400000, 0x0000000800000000)
  region size 2048K, 85 young (174080K), 1 survivors (2048K)
 Metaspace       used 46996K, committed 47424K, reserved 1097728K
  class space    used 6193K, committed 6400K, reserved 1048576K
}
Event: 8.451 GC heap after
{Heap after GC invocations=38 (full 0):
 garbage-first heap   total 307200K, used 91348K [0x0000000705400000, 0x0000000800000000)
  region size 2048K, 2 young (4096K), 2 survivors (4096K)
 Metaspace       used 46996K, committed 47424K, reserved 1097728K
  class space    used 6193K, committed 6400K, reserved 1048576K
}
Event: 8.749 GC heap before
{Heap before GC invocations=38 (full 0):
 garbage-first heap   total 307200K, used 263380K [0x0000000705400000, 0x0000000800000000)
  region size 2048K, 86 young (176128K), 2 survivors (4096K)
 Metaspace       used 46996K, committed 47424K, reserved 1097728K
  class space    used 6193K, committed 6400K, reserved 1048576K
}
Event: 8.752 GC heap after
{Heap after GC invocations=39 (full 0):
 garbage-first heap   total 307200K, used 92971K [0x0000000705400000, 0x0000000800000000)
  region size 2048K, 3 young (6144K), 3 survivors (6144K)
 Metaspace       used 46996K, committed 47424K, reserved 1097728K
  class space    used 6193K, committed 6400K, reserved 1048576K
}
Event: 8.776 GC heap before
{Heap before GC invocations=39 (full 0):
 garbage-first heap   total 307200K, used 107307K [0x0000000705400000, 0x0000000800000000)
  region size 2048K, 11 young (22528K), 3 survivors (6144K)
 Metaspace       used 46997K, committed 47424K, reserved 1097728K
  class space    used 6193K, committed 6400K, reserved 1048576K
}
Event: 8.778 GC heap after
{Heap after GC invocations=40 (full 0):
 garbage-first heap   total 307200K, used 93261K [0x0000000705400000, 0x0000000800000000)
  region size 2048K, 3 young (6144K), 3 survivors (6144K)
 Metaspace       used 46997K, committed 47424K, reserved 1097728K
  class space    used 6193K, committed 6400K, reserved 1048576K
}
Event: 9.033 GC heap before
{Heap before GC invocations=40 (full 0):
 garbage-first heap   total 307200K, used 267341K [0x0000000705400000, 0x0000000800000000)
  region size 2048K, 87 young (178176K), 3 survivors (6144K)
 Metaspace       used 47007K, committed 47424K, reserved 1097728K
  class space    used 6194K, committed 6400K, reserved 1048576K
}

Dll operation events (2 events):
Event: 0.005 Loaded shared library C:\Program Files\Android\Android Studio\jbr\bin\java.dll
Event: 0.171 Loaded shared library C:\Program Files\Android\Android Studio\jbr\bin\verify.dll

Deoptimization events (20 events):
Event: 8.546 Thread 0x0000018c3ab3ef30 Uncommon trap: trap_request=0xffffff45 fr.pc=0x0000018c21de9a9c relative=0x00000000000046dc
Event: 8.546 Thread 0x0000018c3ab3ef30 Uncommon trap: reason=unstable_if action=reinterpret pc=0x0000018c21de9a9c method=org.gradle.internal.classpath.InstrumentingTransformer$InstrumentingMethodVisitor.visitINVOKESTATIC(Ljava/lang/String;Ljava/lang/String;Ljava/lang/String;)Z @ 190 c2
Event: 8.546 Thread 0x0000018c3ab3ef30 DEOPT PACKING pc=0x0000018c21de9a9c sp=0x0000007a039fe3b0
Event: 8.546 Thread 0x0000018c3ab3ef30 DEOPT UNPACKING pc=0x0000018c217569a3 sp=0x0000007a039fe388 mode 2
Event: 8.717 Thread 0x0000018c3ab3f8d0 Uncommon trap: trap_request=0xffffff45 fr.pc=0x0000018c21f8e588 relative=0x0000000000000368
Event: 8.717 Thread 0x0000018c3ab3f8d0 Uncommon trap: reason=unstable_if action=reinterpret pc=0x0000018c21f8e588 method=org.objectweb.asm.MethodWriter.visitFrame(II[Ljava/lang/Object;I[Ljava/lang/Object;)V @ 771 c2
Event: 8.717 Thread 0x0000018c3ab3f8d0 DEOPT PACKING pc=0x0000018c21f8e588 sp=0x0000007a034fe1b0
Event: 8.717 Thread 0x0000018c3ab3f8d0 DEOPT UNPACKING pc=0x0000018c217569a3 sp=0x0000007a034fe1a8 mode 2
Event: 8.783 Thread 0x0000018c3ab3ef30 Uncommon trap: trap_request=0xffffff45 fr.pc=0x0000018c2201eac4 relative=0x0000000000000704
Event: 8.783 Thread 0x0000018c3ab3ef30 Uncommon trap: reason=unstable_if action=reinterpret pc=0x0000018c2201eac4 method=org.apache.commons.compress.archivers.zip.NioZipEncoding.encode(Ljava/lang/String;)Ljava/nio/ByteBuffer; @ 30 c2
Event: 8.783 Thread 0x0000018c3ab3ef30 DEOPT PACKING pc=0x0000018c2201eac4 sp=0x0000007a039fe8e0
Event: 8.783 Thread 0x0000018c3ab3ef30 DEOPT UNPACKING pc=0x0000018c217569a3 sp=0x0000007a039fe8a0 mode 2
Event: 8.787 Thread 0x0000018c3ab3ef30 Uncommon trap: trap_request=0xffffff45 fr.pc=0x0000018c21e201bc relative=0x00000000000005dc
Event: 8.787 Thread 0x0000018c3ab3ef30 Uncommon trap: reason=unstable_if action=reinterpret pc=0x0000018c21e201bc method=java.io.BufferedOutputStream.flushBuffer()V @ 4 c2
Event: 8.787 Thread 0x0000018c3ab3ef30 DEOPT PACKING pc=0x0000018c21e201bc sp=0x0000007a039fe9f0
Event: 8.787 Thread 0x0000018c3ab3ef30 DEOPT UNPACKING pc=0x0000018c217569a3 sp=0x0000007a039fe860 mode 2
Event: 8.790 Thread 0x0000018c3ab3ef30 Uncommon trap: trap_request=0xffffff45 fr.pc=0x0000018c21cfd5e4 relative=0x0000000000000484
Event: 8.790 Thread 0x0000018c3ab3ef30 Uncommon trap: reason=unstable_if action=reinterpret pc=0x0000018c21cfd5e4 method=java.io.BufferedOutputStream.flushBuffer()V @ 4 c2
Event: 8.790 Thread 0x0000018c3ab3ef30 DEOPT PACKING pc=0x0000018c21cfd5e4 sp=0x0000007a039fe980
Event: 8.790 Thread 0x0000018c3ab3ef30 DEOPT UNPACKING pc=0x0000018c217569a3 sp=0x0000007a039fe8d0 mode 2

Classes unloaded (0 events):
No events

Classes redefined (0 events):
No events

Internal exceptions (20 events):
Event: 6.600 Thread 0x0000018c3ab3ea60 Exception <a 'sun/nio/fs/WindowsException'{0x0000000711b33770}> (0x0000000711b33770) 
thrown [s\src\hotspot\share\prims\jni.cpp, line 517]
Event: 6.601 Thread 0x0000018c3ab3ea60 Exception <a 'sun/nio/fs/WindowsException'{0x0000000711b338b8}> (0x0000000711b338b8) 
thrown [s\src\hotspot\share\prims\jni.cpp, line 517]
Event: 6.657 Thread 0x0000018c390bb750 Exception <a 'java/lang/ClassNotFoundException'{0x00000007118b7378}: sync_studio_tooling6_88ioyv93ep1f05u51ytuq1gppBeanInfo> (0x00000007118b7378) 
thrown [s\src\hotspot\share\classfile\systemDictionary.cpp, line 256]
Event: 6.657 Thread 0x0000018c390bb750 Exception <a 'java/lang/ClassNotFoundException'{0x00000007118bdc88}: sync_studio_tooling6_88ioyv93ep1f05u51ytuq1gppCustomizer> (0x00000007118bdc88) 
thrown [s\src\hotspot\share\classfile\systemDictionary.cpp, line 256]
Event: 6.660 Thread 0x0000018c390bb750 Exception <a 'java/lang/ClassNotFoundException'{0x00000007119915a0}: org/gradle/internal/metaobject/ConfigureDelegateBeanInfo> (0x00000007119915a0) 
thrown [s\src\hotspot\share\classfile\systemDictionary.cpp, line 256]
Event: 6.661 Thread 0x0000018c390bb750 Exception <a 'java/lang/ClassNotFoundException'{0x00000007119a19b0}: org/gradle/internal/metaobject/ConfigureDelegateCustomizer> (0x00000007119a19b0) 
thrown [s\src\hotspot\share\classfile\systemDictionary.cpp, line 256]
Event: 6.673 Thread 0x0000018c390bb750 Exception <a 'java/lang/ClassNotFoundException'{0x00000007119f1728}: org/gradle/api/internal/initialization/DefaultScriptHandlerBeanInfo> (0x00000007119f1728) 
thrown [s\src\hotspot\share\classfile\systemDictionary.cpp, line 256]
Event: 6.673 Thread 0x0000018c390bb750 Exception <a 'java/lang/ClassNotFoundException'{0x000000070ba021d0}: org/gradle/api/internal/initialization/DefaultScriptHandlerCustomizer> (0x000000070ba021d0) 
thrown [s\src\hotspot\share\classfile\systemDictionary.cpp, line 256]
Event: 6.742 Thread 0x0000018c390bb750 Implicit null exception at 0x0000018c21e995ec to 0x0000018c21e9969c
Event: 6.745 Thread 0x0000018c390bb750 Exception <a 'java/lang/ClassNotFoundException'{0x000000070b488ff0}: org/gradle/api/internal/artifacts/dsl/dependencies/DefaultDependencyHandler_DecoratedBeanInfo> (0x000000070b488ff0) 
thrown [s\src\hotspot\share\classfile\systemDictionary.cpp, line 256]
Event: 6.746 Thread 0x0000018c390bb750 Exception <a 'java/lang/ClassNotFoundException'{0x000000070b49eb18}: org/gradle/api/internal/artifacts/dsl/dependencies/DefaultDependencyHandlerBeanInfo> (0x000000070b49eb18) 
thrown [s\src\hotspot\share\classfile\systemDictionary.cpp, line 256]
Event: 6.746 Thread 0x0000018c390bb750 Exception <a 'java/lang/ClassNotFoundException'{0x000000070b4b3b60}: org/gradle/api/internal/artifacts/dsl/dependencies/DefaultDependencyHandlerCustomizer> (0x000000070b4b3b60) 
thrown [s\src\hotspot\share\classfile\systemDictionary.cpp, line 256]
Event: 6.748 Thread 0x0000018c390bb750 Exception <a 'java/lang/ClassNotFoundException'{0x000000070b4f2b88}: org/gradle/api/internal/artifacts/dsl/dependencies/DefaultDependencyHandler_DecoratedCustomizer> (0x000000070b4f2b88) 
thrown [s\src\hotspot\share\classfile\systemDictionary.cpp, line 256]
Event: 6.805 Thread 0x0000018c390bb750 Exception <a 'java/lang/NoSuchMethodError'{0x000000070b3fe4d8}: 'java.lang.Object java.lang.invoke.DirectMethodHandle$Holder.newInvokeSpecial(java.lang.Object, int, java.lang.Object)'> (0x000000070b3fe4d8) 
thrown [s\src\hotspot\share\interpreter\linkResolver.cpp, line 771]
Event: 6.900 Thread 0x0000018c390bb750 Exception <a 'java/lang/NoSuchMethodError'{0x0000000711be64a8}: 'int java.lang.invoke.DirectMethodHandle$Holder.invokeStatic(java.lang.Object)'> (0x0000000711be64a8) 
thrown [s\src\hotspot\share\interpreter\linkResolver.cpp, line 771]
Event: 6.900 Thread 0x0000018c390bb750 Exception <a 'java/lang/NoSuchMethodError'{0x0000000711bea898}: 'int java.lang.invoke.DirectMethodHandle$Holder.invokeStaticInit(java.lang.Object)'> (0x0000000711bea898) 
thrown [s\src\hotspot\share\interpreter\linkResolver.cpp, line 771]
Event: 6.914 Thread 0x0000018c3ab3ef30 Exception <a 'sun/nio/fs/WindowsException'{0x0000000711b3c400}> (0x0000000711b3c400) 
thrown [s\src\hotspot\share\prims\jni.cpp, line 517]
Event: 6.933 Thread 0x0000018c3ab3f8d0 Implicit null exception at 0x0000018c21f2592f to 0x0000018c21f25d84
Event: 6.934 Thread 0x0000018c3ab3f8d0 Exception <a 'sun/nio/fs/WindowsException'{0x000000070c8271a8}> (0x000000070c8271a8) 
thrown [s\src\hotspot\share\prims\jni.cpp, line 517]
Event: 9.002 Thread 0x0000018c3ab3ef30 Exception <a 'sun/nio/fs/WindowsException'{0x0000000714c0b450}> (0x0000000714c0b450) 
thrown [s\src\hotspot\share\prims\jni.cpp, line 517]

VM Operations (20 events):
Event: 7.840 Executing VM operation: HandshakeAllThreads done
Event: 7.861 Executing VM operation: HandshakeAllThreads
Event: 7.861 Executing VM operation: HandshakeAllThreads done
Event: 8.043 Executing VM operation: G1CollectForAllocation
Event: 8.049 Executing VM operation: G1CollectForAllocation done
Event: 8.052 Executing VM operation: G1CollectForAllocation
Event: 8.058 Executing VM operation: G1CollectForAllocation done
Event: 8.237 Executing VM operation: G1CollectForAllocation
Event: 8.237 Executing VM operation: G1CollectForAllocation done
Event: 8.237 Executing VM operation: G1CollectForAllocation
Event: 8.238 Executing VM operation: G1CollectForAllocation done
Event: 8.449 Executing VM operation: G1CollectForAllocation
Event: 8.451 Executing VM operation: G1CollectForAllocation done
Event: 8.749 Executing VM operation: G1CollectForAllocation
Event: 8.752 Executing VM operation: G1CollectForAllocation done
Event: 8.776 Executing VM operation: G1TryInitiateConcMark
Event: 8.778 Executing VM operation: G1TryInitiateConcMark done
Event: 8.826 Executing VM operation: HandshakeAllThreads
Event: 8.826 Executing VM operation: HandshakeAllThreads done
Event: 9.033 Executing VM operation: G1CollectForAllocation

Events (20 events):
Event: 7.866 Thread 0x0000018c364ab420 flushing nmethod 0x0000018c1aaf8810
Event: 7.866 Thread 0x0000018c364ab420 flushing nmethod 0x0000018c1aafa690
Event: 7.866 Thread 0x0000018c364ab420 flushing nmethod 0x0000018c1ab01f10
Event: 7.866 Thread 0x0000018c364ab420 flushing nmethod 0x0000018c1ab03990
Event: 7.866 Thread 0x0000018c364ab420 flushing nmethod 0x0000018c1ab05d90
Event: 7.866 Thread 0x0000018c364ab420 flushing nmethod 0x0000018c1ab07b90
Event: 7.866 Thread 0x0000018c364ab420 flushing nmethod 0x0000018c1ab3a210
Event: 7.866 Thread 0x0000018c364ab420 flushing nmethod 0x0000018c1ab42b10
Event: 7.866 Thread 0x0000018c364ab420 flushing nmethod 0x0000018c1ab48b10
Event: 7.866 Thread 0x0000018c364ab420 flushing nmethod 0x0000018c1ab4ba90
Event: 7.866 Thread 0x0000018c364ab420 flushing nmethod 0x0000018c1ab4fb90
Event: 7.866 Thread 0x0000018c364ab420 flushing nmethod 0x0000018c1ab67710
Event: 7.866 Thread 0x0000018c364ab420 flushing nmethod 0x0000018c1ab68590
Event: 7.866 Thread 0x0000018c364ab420 flushing nmethod 0x0000018c1ab7ad10
Event: 7.866 Thread 0x0000018c364ab420 flushing nmethod 0x0000018c1ab84410
Event: 7.866 Thread 0x0000018c364ab420 flushing nmethod 0x0000018c1ab85590
Event: 8.827 Thread 0x0000018c364ab420 flushing nmethod 0x0000018c1a2e2b10
Event: 8.829 Thread 0x0000018c364ab420 flushing nmethod 0x0000018c1a756f90
Event: 8.831 Thread 0x0000018c364ab420 flushing nmethod 0x0000018c1ab38a90
Event: 8.831 Thread 0x0000018c364ab420 flushing nmethod 0x0000018c1ab39910


Dynamic libraries:
0x00007ff7491c0000 - 0x00007ff7491ca000 	C:\Program Files\Android\Android Studio\jbr\bin\java.exe
0x00007ffd77f90000 - 0x00007ffd78188000 	C:\Windows\SYSTEM32\ntdll.dll
0x00007ffd76f10000 - 0x00007ffd76fcf000 	C:\Windows\System32\KERNEL32.DLL
0x00007ffd75670000 - 0x00007ffd75966000 	C:\Windows\System32\KERNELBASE.dll
0x00007ffd75ef0000 - 0x00007ffd75ff0000 	C:\Windows\System32\ucrtbase.dll
0x00007ffd66300000 - 0x00007ffd66317000 	C:\Program Files\Android\Android Studio\jbr\bin\jli.dll
0x00007ffd66340000 - 0x00007ffd6635b000 	C:\Program Files\Android\Android Studio\jbr\bin\VCRUNTIME140.dll
0x00007ffd77290000 - 0x00007ffd7742d000 	C:\Windows\System32\USER32.dll
0x00007ffd611d0000 - 0x00007ffd6146a000 	C:\Windows\WinSxS\amd64_microsoft.windows.common-controls_6595b64144ccf1df_6.0.19041.1110_none_60b5254171f9507e\COMCTL32.dll
0x00007ffd75cf0000 - 0x00007ffd75d12000 	C:\Windows\System32\win32u.dll
0x00007ffd76c30000 - 0x00007ffd76c5c000 	C:\Windows\System32\GDI32.dll
0x00007ffd77430000 - 0x00007ffd774ce000 	C:\Windows\System32\msvcrt.dll
0x00007ffd75b40000 - 0x00007ffd75c55000 	C:\Windows\System32\gdi32full.dll
0x00007ffd75d20000 - 0x00007ffd75dbd000 	C:\Windows\System32\msvcp_win.dll
0x00007ffd76aa0000 - 0x00007ffd76ad0000 	C:\Windows\System32\IMM32.DLL
0x00007ffd6d5a0000 - 0x00007ffd6d5ac000 	C:\Program Files\Android\Android Studio\jbr\bin\vcruntime140_1.dll
0x00007ffd5e940000 - 0x00007ffd5e9cd000 	C:\Program Files\Android\Android Studio\jbr\bin\msvcp140.dll
0x00007ffd29aa0000 - 0x00007ffd2a70d000 	C:\Program Files\Android\Android Studio\jbr\bin\server\jvm.dll
0x00007ffd774d0000 - 0x00007ffd7757f000 	C:\Windows\System32\ADVAPI32.dll
0x00007ffd76c60000 - 0x00007ffd76cfc000 	C:\Windows\System32\sechost.dll
0x00007ffd77040000 - 0x00007ffd77166000 	C:\Windows\System32\RPCRT4.dll
0x00007ffd1be20000 - 0x00007ffd1be29000 	C:\Windows\SYSTEM32\WSOCK32.dll
0x00007ffd69930000 - 0x00007ffd69957000 	C:\Windows\SYSTEM32\WINMM.dll
0x00007ffd6db90000 - 0x00007ffd6db9a000 	C:\Windows\SYSTEM32\VERSION.dll
0x00007ffd77cd0000 - 0x00007ffd77d3b000 	C:\Windows\System32\WS2_32.dll
0x00007ffd73500000 - 0x00007ffd73512000 	C:\Windows\SYSTEM32\kernel.appcore.dll
0x00007ffd6d5e0000 - 0x00007ffd6d5ea000 	C:\Program Files\Android\Android Studio\jbr\bin\jimage.dll
0x00007ffd6e060000 - 0x00007ffd6e244000 	C:\Windows\SYSTEM32\DBGHELP.DLL
0x00007ffd620a0000 - 0x00007ffd620d4000 	C:\Windows\SYSTEM32\dbgcore.DLL
0x00007ffd75c60000 - 0x00007ffd75ce2000 	C:\Windows\System32\bcryptPrimitives.dll
0x00007ffd6d570000 - 0x00007ffd6d595000 	C:\Program Files\Android\Android Studio\jbr\bin\java.dll
0x00007ffd6d5b0000 - 0x00007ffd6d5c8000 	C:\Program Files\Android\Android Studio\jbr\bin\zip.dll
0x00007ffd77580000 - 0x00007ffd77cc4000 	C:\Windows\System32\SHELL32.dll
0x00007ffd73700000 - 0x00007ffd73e94000 	C:\Windows\SYSTEM32\windows.storage.dll
0x00007ffd76670000 - 0x00007ffd769c4000 	C:\Windows\System32\combase.dll
0x00007ffd74f00000 - 0x00007ffd74f2e000 	C:\Windows\SYSTEM32\Wldp.dll
0x00007ffd765b0000 - 0x00007ffd7665d000 	C:\Windows\System32\SHCORE.dll
0x00007ffd76d00000 - 0x00007ffd76d55000 	C:\Windows\System32\shlwapi.dll
0x00007ffd755a0000 - 0x00007ffd755c5000 	C:\Windows\SYSTEM32\profapi.dll
0x00007ffd6d550000 - 0x00007ffd6d569000 	C:\Program Files\Android\Android Studio\jbr\bin\net.dll
0x00007ffd6da80000 - 0x00007ffd6db8a000 	C:\Windows\SYSTEM32\WINHTTP.dll
0x00007ffd74ce0000 - 0x00007ffd74d4a000 	C:\Windows\system32\mswsock.dll
0x00007ffd6d530000 - 0x00007ffd6d546000 	C:\Program Files\Android\Android Studio\jbr\bin\nio.dll
0x00007ffd6d470000 - 0x00007ffd6d480000 	C:\Program Files\Android\Android Studio\jbr\bin\verify.dll
0x00007ffd5d430000 - 0x00007ffd5d457000 	F:\.gradle\native\68d5fa5c4cc2d200863cafc0d521ce42e7d3e7ee720ec0a83991735586a16f82\windows-amd64\native-platform.dll
0x00007ffd5cac0000 - 0x00007ffd5cc04000 	F:\.gradle\native\e376f236ea51e6404a007f0833ffe2c6e607c4080706a723a18a27aeea778392\windows-amd64\native-platform-file-events.dll
0x00007ffd6d520000 - 0x00007ffd6d529000 	C:\Program Files\Android\Android Studio\jbr\bin\management.dll
0x00007ffd6d510000 - 0x00007ffd6d51b000 	C:\Program Files\Android\Android Studio\jbr\bin\management_ext.dll
0x00007ffd76660000 - 0x00007ffd76668000 	C:\Windows\System32\PSAPI.DLL
0x00007ffd74f40000 - 0x00007ffd74f58000 	C:\Windows\SYSTEM32\CRYPTSP.dll
0x00007ffd74620000 - 0x00007ffd74654000 	C:\Windows\system32\rsaenh.dll
0x00007ffd75dc0000 - 0x00007ffd75de7000 	C:\Windows\System32\bcrypt.dll
0x00007ffd75560000 - 0x00007ffd7558e000 	C:\Windows\SYSTEM32\USERENV.dll
0x00007ffd74e70000 - 0x00007ffd74e7c000 	C:\Windows\SYSTEM32\CRYPTBASE.dll
0x00007ffd749f0000 - 0x00007ffd74a2c000 	C:\Windows\SYSTEM32\IPHLPAPI.DLL
0x00007ffd76fd0000 - 0x00007ffd76fd8000 	C:\Windows\System32\NSI.dll
0x00007ffd6f3b0000 - 0x00007ffd6f3c7000 	C:\Windows\SYSTEM32\dhcpcsvc6.DLL
0x00007ffd6f390000 - 0x00007ffd6f3ad000 	C:\Windows\SYSTEM32\dhcpcsvc.DLL
0x00007ffd74a30000 - 0x00007ffd74afa000 	C:\Windows\SYSTEM32\DNSAPI.dll
0x00007ffd675f0000 - 0x00007ffd675f7000 	C:\Windows\system32\wshunix.dll

dbghelp: loaded successfully - version: 4.0.5 - missing functions: none
symbol engine: initialized successfully - sym options: 0x614 - pdb path: .;C:\Program Files\Android\Android Studio\jbr\bin;C:\Windows\SYSTEM32;C:\Windows\WinSxS\amd64_microsoft.windows.common-controls_6595b64144ccf1df_6.0.19041.1110_none_60b5254171f9507e;C:\Program Files\Android\Android Studio\jbr\bin\server;F:\.gradle\native\68d5fa5c4cc2d200863cafc0d521ce42e7d3e7ee720ec0a83991735586a16f82\windows-amd64;F:\.gradle\native\e376f236ea51e6404a007f0833ffe2c6e607c4080706a723a18a27aeea778392\windows-amd64

VM Arguments:
jvm_args: --add-opens=java.base/java.util=ALL-UNNAMED --add-opens=java.base/java.lang=ALL-UNNAMED --add-opens=java.base/java.lang.invoke=ALL-UNNAMED --add-opens=java.prefs/java.util.prefs=ALL-UNNAMED --add-opens=java.base/java.nio.charset=ALL-UNNAMED --add-opens=java.base/java.net=ALL-UNNAMED --add-opens=java.base/java.util.concurrent.atomic=ALL-UNNAMED -Xmx4012M -Dfile.encoding=windows-1252 -Duser.country=US -Duser.language=en -Duser.variant 
java_command: org.gradle.launcher.daemon.bootstrap.GradleDaemon 8.0
java_class_path (initial): F:\.gradle\wrapper\dists\gradle-8.0-bin\ca5e32bp14vu59qr306oxotwh\gradle-8.0\lib\gradle-launcher-8.0.jar
Launcher Type: SUN_STANDARD

[Global flags]
     intx CICompilerCount                          = 4                                         {product} {ergonomic}
     uint ConcGCThreads                            = 3                                         {product} {ergonomic}
     uint G1ConcRefinementThreads                  = 10                                        {product} {ergonomic}
   size_t G1HeapRegionSize                         = 2097152                                   {product} {ergonomic}
    uintx GCDrainStackTargetSize                   = 64                                        {product} {ergonomic}
   size_t InitialHeapSize                          = 260046848                                 {product} {ergonomic}
   size_t MarkStackSize                            = 4194304                                   {product} {ergonomic}
   size_t MaxHeapSize                              = 4206886912                                {product} {command line}
   size_t MaxNewSize                               = 2522873856                                {product} {ergonomic}
   size_t MinHeapDeltaBytes                        = 2097152                                   {product} {ergonomic}
   size_t MinHeapSize                              = 8388608                                   {product} {ergonomic}
    uintx NonNMethodCodeHeapSize                   = 5839372                                {pd product} {ergonomic}
    uintx NonProfiledCodeHeapSize                  = 122909434                              {pd product} {ergonomic}
    uintx ProfiledCodeHeapSize                     = 122909434                              {pd product} {ergonomic}
    uintx ReservedCodeCacheSize                    = 251658240                              {pd product} {ergonomic}
     bool SegmentedCodeCache                       = true                                      {product} {ergonomic}
   size_t SoftMaxHeapSize                          = 4206886912                             {manageable} {ergonomic}
     bool UseCompressedClassPointers               = true                           {product lp64_product} {ergonomic}
     bool UseCompressedOops                        = true                           {product lp64_product} {ergonomic}
     bool UseG1GC                                  = true                                      {product} {ergonomic}
     bool UseLargePagesIndividualAllocation        = false                                  {pd product} {ergonomic}

Logging:
Log output configuration:
 #0: stdout all=warning uptime,level,tags
 #1: stderr all=off uptime,level,tags

Environment Variables:
JAVA_HOME=C:\Program Files\Android\Android Studio\jre\
PATH=C:\Program Files\Common Files\Oracle\Java\javapath;E:\Program Files (x86)\VMware\VMware Player\bin\;C:\Program Files (x86)\NVIDIA Corporation\PhysX\Common;C:\Windows\system32;C:\Windows;C:\Windows\System32\Wbem;C:\Windows\System32\WindowsPowerShell\v1.0\;C:\Windows\System32\OpenSSH\;C:\platform-tools;C:\src\flutter\bin;F:\andsdk;F:\Program Files\Android\Android Studio\jre\bin;D:\Program Files (x86)\WinMerge;C:\Program Files\Tailscale\;D:\Program Files (x86)\VideoLAN\VLC;C:\Program Files\gsudo\Current;F:\vcpkg;C:\Program Files\Git\cmd;F:\msys64\usr\bin;C:\ProgramData\chocolatey\bin;C:\Program Files\Cloudflare\Cloudflare WARP\;C:\Users\User\AppData\Local\Programs\Python\Python37\Scripts\;C:\Users\User\AppData\Local\Programs\Python\Python37\;C:\Users\User\AppData\Local\Programs\Python\Python311\Scripts\;C:\Users\User\AppData\Local\Programs\Python\Python311\;C:\Users\User\AppData\Local\Microsoft\WindowsApps;C:\Users\User\AppData\Local\Programs\Microsoft VS Code\bin;C:\Users\User\AppData\Local\Programs\oh-my-posh\bin;C:\Users\User\AppData\Local\Keybase\;C:\Python27;
USERNAME=User
OS=Windows_NT
PROCESSOR_IDENTIFIER=AMD64 Family 25 Model 80 Stepping 0, AuthenticAMD
TMP=C:\Users\User\AppData\Local\Temp
TEMP=C:\Users\User\AppData\Local\Temp



---------------  S Y S T E M  ---------------

OS:
 Windows 10 , 64 bit Build 19041 (10.0.19041.3155)
OS uptime: 0 days 17:24 hours
Hyper-V role detected

CPU: total 12 (initial active 12) (12 cores per cpu, 2 threads per core) family 25 model 80 stepping 0 microcode 0x0, cx8, cmov, fxsr, ht, mmx, 3dnowpref, sse, sse2, sse3, ssse3, sse4a, sse4.1, sse4.2, popcnt, lzcnt, tsc, tscinvbit, avx, avx2, aes, erms, clmul, bmi1, bmi2, adx, sha, fma, vzeroupper, clflush, clflushopt, hv

Memory: 4k page, system-wide physical 15761M (586M free)
TotalPageFile size 29988M (AvailPageFile size 311M)
current process WorkingSet (physical memory assigned to process): 532M, peak: 546M
current process commit charge ("private bytes"): 579M, peak: 1025M

vm_info: OpenJDK 64-Bit Server VM (17.0.6+0-b2043.56-9586694) for windows-amd64 JRE (17.0.6+0-b2043.56-9586694), built on Feb  9 2023 20:06:20 by "androidbuild" with MS VC++ 16.10 / 16.11 (VS2019)

END.
